<?xml version="1.0" encoding="UTF-8" ?>
<testsuite tests="3" failures="0" name="TestSuite" time="0.031" errors="0" skipped="0">
  <properties>
[...]
</properties>
  <testcase classname="by.epam.task11.service.impl.finder.ComponentsByTypeFinderImplTest" name="testFind" time="0.004"/>
  <testcase classname="by.epam.task11.service.impl.finder.ComponentsByTypeFinderImplTest" name="testFind2" time="0"/>
  <testcase classname="by.epam.task11.service.impl.sorting.impl.SortByChildSizeTest" name="testFind" time="0.027"/>
</testsuite>