<?xml version="1.0" encoding="UTF-8"?>
<testng-results ignored="0" total="1" passed="1" failed="0" skipped="0">
  <reporter-output>
  </reporter-output>
  <suite started-at="2020-02-10T06:28:50 MSK" name="by.epam.task11.service.impl.finder.ComponentsByTypeFinderImplTest" finished-at="2020-02-10T06:28:50 MSK" duration-ms="36">
    <groups>
    </groups>
    <test started-at="2020-02-10T06:28:50 MSK" name="Command line test" finished-at="2020-02-10T06:28:50 MSK" duration-ms="36">
      <class name="by.epam.task11.service.impl.finder.ComponentsByTypeFinderImplTest">
        <test-method signature="testFind()[pri:0, instance:by.epam.task11.service.impl.finder.ComponentsByTypeFinderImplTest@3aefe5e5]" started-at="2020-02-10T06:28:50 MSK" name="testFind" finished-at="2020-02-10T06:28:50 MSK" duration-ms="4" status="PASS">
          <reporter-output>
          </reporter-output>
        </test-method> <!-- testFind -->
      </class> <!-- by.epam.task11.service.impl.finder.ComponentsByTypeFinderImplTest -->
    </test> <!-- Command line test -->
  </suite> <!-- by.epam.task11.service.impl.finder.ComponentsByTypeFinderImplTest -->
</testng-results>
