<?xml version="1.0" encoding="UTF-8"?>
<testng-results ignored="0" total="3" passed="3" failed="0" skipped="0">
  <reporter-output>
  </reporter-output>
  <suite started-at="2020-02-10T16:54:08 MSK" name="Command line suite" finished-at="2020-02-10T16:54:08 MSK" duration-ms="73">
    <groups>
    </groups>
    <test started-at="2020-02-10T16:54:08 MSK" name="Command line test" finished-at="2020-02-10T16:54:08 MSK" duration-ms="73">
      <class name="by.epam.task11.service.impl.sorting.impl.SortByChildSizeTest">
        <test-method is-config="true" signature="before()[pri:0, instance:by.epam.task11.service.impl.sorting.impl.SortByChildSizeTest@4c9f8c13]" started-at="2020-02-10T16:54:08 MSK" name="before" finished-at="2020-02-10T16:54:08 MSK" duration-ms="2" status="PASS">
          <reporter-output>
          </reporter-output>
        </test-method> <!-- before -->
        <test-method signature="testFind()[pri:0, instance:by.epam.task11.service.impl.sorting.impl.SortByChildSizeTest@4c9f8c13]" started-at="2020-02-10T16:54:08 MSK" name="testFind" finished-at="2020-02-10T16:54:08 MSK" duration-ms="27" status="PASS">
          <reporter-output>
          </reporter-output>
        </test-method> <!-- testFind -->
      </class> <!-- by.epam.task11.service.impl.sorting.impl.SortByChildSizeTest -->
      <class name="by.epam.task11.service.impl.finder.ComponentsByTypeFinderImplTest">
        <test-method is-config="true" signature="before()[pri:0, instance:by.epam.task11.service.impl.finder.ComponentsByTypeFinderImplTest@769f71a9]" started-at="2020-02-10T16:54:08 MSK" name="before" finished-at="2020-02-10T16:54:08 MSK" duration-ms="16" status="PASS">
          <reporter-output>
          </reporter-output>
        </test-method> <!-- before -->
        <test-method signature="testFind()[pri:0, instance:by.epam.task11.service.impl.finder.ComponentsByTypeFinderImplTest@769f71a9]" started-at="2020-02-10T16:54:08 MSK" name="testFind" finished-at="2020-02-10T16:54:08 MSK" duration-ms="2" status="PASS">
          <reporter-output>
          </reporter-output>
        </test-method> <!-- testFind -->
        <test-method signature="testFind2()[pri:0, instance:by.epam.task11.service.impl.finder.ComponentsByTypeFinderImplTest@769f71a9]" started-at="2020-02-10T16:54:08 MSK" name="testFind2" finished-at="2020-02-10T16:54:08 MSK" duration-ms="0" status="PASS">
          <reporter-output>
          </reporter-output>
        </test-method> <!-- testFind2 -->
      </class> <!-- by.epam.task11.service.impl.finder.ComponentsByTypeFinderImplTest -->
    </test> <!-- Command line test -->
  </suite> <!-- Command line suite -->
</testng-results>
