<?xml version="1.0" encoding="UTF-8"?>
<!-- Generated by org.testng.reporters.JUnitXMLReporter -->
<testsuite ignored="0" hostname="DESKTOP-MUURNCQ" failures="0" tests="20" name="Command line test" time="0.052" errors="0" timestamp="2020-02-16T23:12:05 MSK">
  <testcase classname="test.exampletestng.action.CalcTest" name="sqrtNegativeDataTest" time="0.005"/>
  <testcase classname="test.exampletestng.action.CalcTest" name="sqrtNegativeDataTest" time="0.0"/>
  <testcase classname="test.exampletestng.action.CalcTest" name="sqrtNegativeDataTest" time="0.001"/>
  <testcase classname="test.exampletestng.action.CalcTest" name="sqrtTest" time="0.0"/>
  <testcase classname="test.exampletestng.action.CalcTest" name="sqrtTest" time="0.0"/>
  <testcase classname="test.exampletestng.action.CalcTest" name="sqrtTest" time="0.0"/>
  <testcase classname="test.exampletestng.action.CalcTest" name="sqrtTest" time="0.0"/>
  <testcase classname="test.exampletestng.action.CalcTest" name="sqrtTest" time="0.0"/>
  <testcase classname="test.exampletestng.action.CalcTest" name="sqrtTest" time="0.0"/>
  <testcase classname="test.exampletestng.action.CalcTest" name="sumTest" time="0.0"/>
  <testcase classname="test.exampletestng.action.CalcTest" name="sumTest" time="0.0"/>
  <testcase classname="test.exampletestng.action.CalcTest" name="sumTest" time="0.0"/>
  <testcase classname="test.exampletestng.action.CalcTest" name="sumTest" time="0.001"/>
  <testcase classname="test.exampletestng.action.CalcTest" name="sumTest" time="0.0"/>
  <testcase classname="test.exampletestng.action.CalcTest" name="sumTest" time="0.001"/>
  <testcase classname="test.exampletestng.action.CalcTest" name="testSum" time="0.0"/>
  <testcase classname="test.exampletestng.action.CalcTest" name="testSum" time="0.001"/>
  <testcase classname="test.exampletestng.action.CalcTest" name="testSum" time="0.0"/>
  <testcase classname="test.exampletestng.action.CalcTest" name="testTest" time="0.0"/>
  <testcase classname="test.exampletestng.action.TestNgSimpleTest" name="testAdd" time="0.001"/>
</testsuite> <!-- Command line test -->
