<?xml version="1.0" encoding="UTF-8"?>
<testng-results ignored="0" total="20" passed="20" failed="0" skipped="0">
  <reporter-output>
  </reporter-output>
  <suite started-at="2020-02-16T23:12:05 MSK" name="Command line suite" finished-at="2020-02-16T23:12:05 MSK" duration-ms="52">
    <groups>
    </groups>
    <test started-at="2020-02-16T23:12:05 MSK" name="Command line test" finished-at="2020-02-16T23:12:05 MSK" duration-ms="52">
      <class name="test.exampletestng.action.CalcTest">
        <test-method signature="sqrtNegativeDataTest(double)[pri:0, instance:test.exampletestng.action.CalcTest@be64738]" started-at="2020-02-16T23:12:05 MSK" name="sqrtNegativeDataTest" data-provider="input_a_negative" finished-at="2020-02-16T23:12:05 MSK" duration-ms="5" status="PASS">
          <params>
            <param index="0">
              <value>
                <![CDATA[-4.0]]>
              </value>
            </param>
          </params>
          <reporter-output>
          </reporter-output>
        </test-method> <!-- sqrtNegativeDataTest -->
        <test-method signature="sqrtNegativeDataTest(double)[pri:0, instance:test.exampletestng.action.CalcTest@be64738]" started-at="2020-02-16T23:12:05 MSK" name="sqrtNegativeDataTest" data-provider="input_a_negative" finished-at="2020-02-16T23:12:05 MSK" duration-ms="1" status="PASS">
          <params>
            <param index="0">
              <value>
                <![CDATA[-0.36]]>
              </value>
            </param>
          </params>
          <reporter-output>
          </reporter-output>
        </test-method> <!-- sqrtNegativeDataTest -->
        <test-method signature="sqrtNegativeDataTest(double)[pri:0, instance:test.exampletestng.action.CalcTest@be64738]" started-at="2020-02-16T23:12:05 MSK" name="sqrtNegativeDataTest" data-provider="input_a_negative" finished-at="2020-02-16T23:12:05 MSK" duration-ms="0" status="PASS">
          <params>
            <param index="0">
              <value>
                <![CDATA[-100.0]]>
              </value>
            </param>
          </params>
          <reporter-output>
          </reporter-output>
        </test-method> <!-- sqrtNegativeDataTest -->
        <test-method signature="sqrtTest(double, double)[pri:0, instance:test.exampletestng.action.CalcTest@be64738]" started-at="2020-02-16T23:12:05 MSK" name="sqrtTest" description="Positive scenario of the sqrt" data-provider="positiveDataForSqrt" finished-at="2020-02-16T23:12:05 MSK" duration-ms="0" status="PASS">
          <params>
            <param index="0">
              <value>
                <![CDATA[4.0]]>
              </value>
            </param>
            <param index="1">
              <value>
                <![CDATA[2.0]]>
              </value>
            </param>
          </params>
          <reporter-output>
          </reporter-output>
        </test-method> <!-- sqrtTest -->
        <test-method signature="sqrtTest(double, double)[pri:0, instance:test.exampletestng.action.CalcTest@be64738]" started-at="2020-02-16T23:12:05 MSK" name="sqrtTest" description="Positive scenario of the sqrt" data-provider="positiveDataForSqrt" finished-at="2020-02-16T23:12:05 MSK" duration-ms="0" status="PASS">
          <params>
            <param index="0">
              <value>
                <![CDATA[100.0]]>
              </value>
            </param>
            <param index="1">
              <value>
                <![CDATA[10.0]]>
              </value>
            </param>
          </params>
          <reporter-output>
          </reporter-output>
        </test-method> <!-- sqrtTest -->
        <test-method signature="sqrtTest(double, double)[pri:0, instance:test.exampletestng.action.CalcTest@be64738]" started-at="2020-02-16T23:12:05 MSK" name="sqrtTest" description="Positive scenario of the sqrt" data-provider="positiveDataForSqrt" finished-at="2020-02-16T23:12:05 MSK" duration-ms="0" status="PASS">
          <params>
            <param index="0">
              <value>
                <![CDATA[0.36]]>
              </value>
            </param>
            <param index="1">
              <value>
                <![CDATA[0.6]]>
              </value>
            </param>
          </params>
          <reporter-output>
          </reporter-output>
        </test-method> <!-- sqrtTest -->
        <test-method signature="sqrtTest(double, double)[pri:0, instance:test.exampletestng.action.CalcTest@be64738]" started-at="2020-02-16T23:12:05 MSK" name="sqrtTest" description="Positive scenario of the sqrt" data-provider="positiveDataForSqrt" finished-at="2020-02-16T23:12:05 MSK" duration-ms="0" status="PASS">
          <params>
            <param index="0">
              <value>
                <![CDATA[1.0]]>
              </value>
            </param>
            <param index="1">
              <value>
                <![CDATA[1.0]]>
              </value>
            </param>
          </params>
          <reporter-output>
          </reporter-output>
        </test-method> <!-- sqrtTest -->
        <test-method signature="sqrtTest(double, double)[pri:0, instance:test.exampletestng.action.CalcTest@be64738]" started-at="2020-02-16T23:12:05 MSK" name="sqrtTest" description="Positive scenario of the sqrt" data-provider="positiveDataForSqrt" finished-at="2020-02-16T23:12:05 MSK" duration-ms="0" status="PASS">
          <params>
            <param index="0">
              <value>
                <![CDATA[0.0]]>
              </value>
            </param>
            <param index="1">
              <value>
                <![CDATA[0.0]]>
              </value>
            </param>
          </params>
          <reporter-output>
          </reporter-output>
        </test-method> <!-- sqrtTest -->
        <test-method signature="sumTest([I, int)[pri:0, instance:test.exampletestng.action.CalcTest@be64738]" started-at="2020-02-16T23:12:05 MSK" name="sumTest" description="check the sum of 2 numbers" data-provider="dataForSum" finished-at="2020-02-16T23:12:05 MSK" duration-ms="0" status="PASS">
          <params>
            <param index="0">
              <value>
                <![CDATA[[I@7b98f307]]>
              </value>
            </param>
            <param index="1">
              <value>
                <![CDATA[8]]>
              </value>
            </param>
          </params>
          <reporter-output>
          </reporter-output>
        </test-method> <!-- sumTest -->
        <test-method signature="sqrtTest(double, double)[pri:0, instance:test.exampletestng.action.CalcTest@be64738]" started-at="2020-02-16T23:12:05 MSK" name="sqrtTest" description="Positive scenario of the sqrt" data-provider="positiveDataForSqrt" finished-at="2020-02-16T23:12:05 MSK" duration-ms="0" status="PASS">
          <params>
            <param index="0">
              <value>
                <![CDATA[2147483647]]>
              </value>
            </param>
            <param index="1">
              <value>
                <![CDATA[46340.950001051984]]>
              </value>
            </param>
          </params>
          <reporter-output>
          </reporter-output>
        </test-method> <!-- sqrtTest -->
        <test-method signature="sumTest([I, int)[pri:0, instance:test.exampletestng.action.CalcTest@be64738]" started-at="2020-02-16T23:12:05 MSK" name="sumTest" description="check the sum of 2 numbers" data-provider="dataForSum" finished-at="2020-02-16T23:12:05 MSK" duration-ms="1" status="PASS">
          <params>
            <param index="0">
              <value>
                <![CDATA[[I@1bb5a082]]>
              </value>
            </param>
            <param index="1">
              <value>
                <![CDATA[-8]]>
              </value>
            </param>
          </params>
          <reporter-output>
          </reporter-output>
        </test-method> <!-- sumTest -->
        <test-method signature="sumTest([I, int)[pri:0, instance:test.exampletestng.action.CalcTest@be64738]" started-at="2020-02-16T23:12:05 MSK" name="sumTest" description="check the sum of 2 numbers" data-provider="dataForSum" finished-at="2020-02-16T23:12:05 MSK" duration-ms="0" status="PASS">
          <params>
            <param index="0">
              <value>
                <![CDATA[[I@65fb9ffc]]>
              </value>
            </param>
            <param index="1">
              <value>
                <![CDATA[0]]>
              </value>
            </param>
          </params>
          <reporter-output>
          </reporter-output>
        </test-method> <!-- sumTest -->
        <test-method signature="sumTest([I, int)[pri:0, instance:test.exampletestng.action.CalcTest@be64738]" started-at="2020-02-16T23:12:05 MSK" name="sumTest" description="check the sum of 2 numbers" data-provider="dataForSum" finished-at="2020-02-16T23:12:05 MSK" duration-ms="0" status="PASS">
          <params>
            <param index="0">
              <value>
                <![CDATA[[I@34123d65]]>
              </value>
            </param>
            <param index="1">
              <value>
                <![CDATA[0]]>
              </value>
            </param>
          </params>
          <reporter-output>
          </reporter-output>
        </test-method> <!-- sumTest -->
        <test-method signature="sumTest([I, int)[pri:0, instance:test.exampletestng.action.CalcTest@be64738]" started-at="2020-02-16T23:12:05 MSK" name="sumTest" description="check the sum of 2 numbers" data-provider="dataForSum" finished-at="2020-02-16T23:12:05 MSK" duration-ms="0" status="PASS">
          <params>
            <param index="0">
              <value>
                <![CDATA[[I@41d477ed]]>
              </value>
            </param>
            <param index="1">
              <value>
                <![CDATA[-100]]>
              </value>
            </param>
          </params>
          <reporter-output>
          </reporter-output>
        </test-method> <!-- sumTest -->
        <test-method signature="sumTest([I, int)[pri:0, instance:test.exampletestng.action.CalcTest@be64738]" started-at="2020-02-16T23:12:05 MSK" name="sumTest" description="check the sum of 2 numbers" data-provider="dataForSum" finished-at="2020-02-16T23:12:05 MSK" duration-ms="1" status="PASS">
          <params>
            <param index="0">
              <value>
                <![CDATA[[I@397fbdb]]>
              </value>
            </param>
            <param index="1">
              <value>
                <![CDATA[10]]>
              </value>
            </param>
          </params>
          <reporter-output>
          </reporter-output>
        </test-method> <!-- sumTest -->
        <test-method signature="testSum([I, int)[pri:0, instance:test.exampletestng.action.CalcTest@be64738]" started-at="2020-02-16T23:12:05 MSK" name="testSum" description="Positive scenary of the sum calculation" data-provider="input_a_b" finished-at="2020-02-16T23:12:05 MSK" duration-ms="0" status="PASS">
          <params>
            <param index="0">
              <value>
                <![CDATA[[I@515c6049]]>
              </value>
            </param>
            <param index="1">
              <value>
                <![CDATA[5]]>
              </value>
            </param>
          </params>
          <reporter-output>
          </reporter-output>
        </test-method> <!-- testSum -->
        <test-method signature="testSum([I, int)[pri:0, instance:test.exampletestng.action.CalcTest@be64738]" started-at="2020-02-16T23:12:05 MSK" name="testSum" description="Positive scenary of the sum calculation" data-provider="input_a_b" finished-at="2020-02-16T23:12:05 MSK" duration-ms="1" status="PASS">
          <params>
            <param index="0">
              <value>
                <![CDATA[[I@5fe94a96]]>
              </value>
            </param>
            <param index="1">
              <value>
                <![CDATA[2]]>
              </value>
            </param>
          </params>
          <reporter-output>
          </reporter-output>
        </test-method> <!-- testSum -->
        <test-method signature="testSum([I, int)[pri:0, instance:test.exampletestng.action.CalcTest@be64738]" started-at="2020-02-16T23:12:05 MSK" name="testSum" description="Positive scenary of the sum calculation" data-provider="input_a_b" finished-at="2020-02-16T23:12:05 MSK" duration-ms="0" status="PASS">
          <params>
            <param index="0">
              <value>
                <![CDATA[[I@765d7657]]>
              </value>
            </param>
            <param index="1">
              <value>
                <![CDATA[0]]>
              </value>
            </param>
          </params>
          <reporter-output>
          </reporter-output>
        </test-method> <!-- testSum -->
        <test-method signature="testTest()[pri:0, instance:test.exampletestng.action.CalcTest@be64738]" started-at="2020-02-16T23:12:05 MSK" name="testTest" finished-at="2020-02-16T23:12:05 MSK" duration-ms="0" status="PASS">
          <reporter-output>
          </reporter-output>
        </test-method> <!-- testTest -->
      </class> <!-- test.exampletestng.action.CalcTest -->
      <class name="test.exampletestng.action.TestNgSimpleTest">
        <test-method signature="testAdd()[pri:0, instance:test.exampletestng.action.TestNgSimpleTest@3ba9ad43]" started-at="2020-02-16T23:12:05 MSK" name="testAdd" finished-at="2020-02-16T23:12:05 MSK" duration-ms="1" status="PASS">
          <reporter-output>
          </reporter-output>
        </test-method> <!-- testAdd -->
      </class> <!-- test.exampletestng.action.TestNgSimpleTest -->
    </test> <!-- Command line test -->
  </suite> <!-- Command line suite -->
</testng-results>
