<?xml version="1.0" encoding="UTF-8"?>
<!-- Generated by org.testng.reporters.JUnitXMLReporter -->
<testsuite ignored="0" hostname="DESKTOP-MUURNCQ" failures="0" tests="3" name="Command line test" time="0.073" errors="0" timestamp="2020-02-10T16:54:08 MSK">
  <testcase classname="by.epam.task11.service.impl.finder.ComponentsByTypeFinderImplTest" name="testFind" time="0.002"/>
  <testcase classname="by.epam.task11.service.impl.finder.ComponentsByTypeFinderImplTest" name="testFind2" time="0.0"/>
  <testcase classname="by.epam.task11.service.impl.sorting.impl.SortByChildSizeTest" name="testFind" time="0.027"/>
</testsuite> <!-- Command line test -->
