<?xml version="1.0" encoding="UTF-8"?>
<!-- Generated by org.testng.reporters.JUnitXMLReporter -->
<testsuite ignored="0" hostname="DESKTOP-MUURNCQ" failures="0" tests="9" name="Command line test" time="0.188" errors="0" timestamp="2020-02-26T19:30:24 MSK">
  <testcase classname="by.epam.task12.entity.impl.MatrixAtomicImplTest" name="atomicTest" time="0.006"/>
  <testcase classname="by.epam.task12.entity.impl.MatrixAtomicImplTest" name="testCompareAndSet" time="0.001"/>
  <testcase classname="by.epam.task12.entity.impl.MatrixAtomicImplTest" name="testCompareAndSetReturnValueFalse" time="0.0"/>
  <testcase classname="by.epam.task12.entity.impl.MatrixAtomicImplTest" name="testCompareAndSetReturnValueTrue" time="0.0"/>
  <testcase classname="by.epam.task12.service.filler.DiagonalFillerAtomicTest" name="testFill" time="0.076"/>
  <testcase classname="by.epam.task12.service.filler.DiagonalFillerCountDownTest" name="testFill" time="0.046"/>
  <testcase classname="by.epam.task12.service.filler.DiagonalFillerPoolLockLockTest" name="testFill" time="0.011"/>
  <testcase classname="by.epam.task12.service.filler.DiagonalFillerPoolSemaphoreTest" name="testFill" time="0.011"/>
  <testcase classname="by.epam.task12.service.parser.ToIntArrayParserTest" name="testParse" time="0.003"/>
</testsuite> <!-- Command line test -->
